app/build/intermediates/manifest_merge_blame_file/release/manifest-merger-blame-release-report.txt
1<?xml version="1.0" encoding="utf-8"?>
2<manifest xmlns:android="http://schemas.android.com/apk/res/android"
3    package="pagiisnet.pagiisnet"
4    android:versionCode="703"
5    android:versionName="ii" >
6
7    <uses-sdk
7-->src\main\AndroidManifest.xml:9:5-11:41
8        android:minSdkVersion="22"
8-->src\main\AndroidManifest.xml:10:9-35
9        android:targetSdkVersion="34" />
9-->src\main\AndroidManifest.xml:11:9-38
10
11    <uses-permission android:name="android.permission.ACCESS_COARSE_LOCATION" />
11-->src\main\AndroidManifest.xml:13:5-81
11-->src\main\AndroidManifest.xml:13:22-78
12    <uses-permission android:name="android.permission.ACCESS_COARSE_LOCATION" />
12-->src\main\AndroidManifest.xml:13:5-81
12-->src\main\AndroidManifest.xml:13:22-78
13    <uses-permission android:name="android.permission.ACCESS_FINE_LOCATION" />
13-->src\main\AndroidManifest.xml:15:5-79
13-->src\main\AndroidManifest.xml:15:22-76
14    <uses-permission android:name="android.permission.ACCESS_FINE_LOCATION" />
14-->src\main\AndroidManifest.xml:15:5-79
14-->src\main\AndroidManifest.xml:15:22-76
15    <uses-permission android:name="android.permission.ACCESS_FINE_LOCATION" />
15-->src\main\AndroidManifest.xml:15:5-79
15-->src\main\AndroidManifest.xml:15:22-76
16    <uses-permission android:name="android.permission.ACCESS_FINE_LOCATION" />
16-->src\main\AndroidManifest.xml:15:5-79
16-->src\main\AndroidManifest.xml:15:22-76
17    <uses-permission android:name="android.permission.ACCESS_FINE_LOCATION" />
17-->src\main\AndroidManifest.xml:15:5-79
17-->src\main\AndroidManifest.xml:15:22-76
18    <uses-permission android:name="android.permission.ACCESS_FINE_LOCATION" />
18-->src\main\AndroidManifest.xml:15:5-79
18-->src\main\AndroidManifest.xml:15:22-76
19    <uses-permission android:name="android.permission.ACCESS_FINE_LOCATION" />
19-->src\main\AndroidManifest.xml:15:5-79
19-->src\main\AndroidManifest.xml:15:22-76
20    <uses-permission android:name="android.permission.ACCESS_FINE_LOCATION" />
20-->src\main\AndroidManifest.xml:15:5-79
20-->src\main\AndroidManifest.xml:15:22-76
21    <uses-permission android:name="android.permission.ACCESS_FINE_LOCATION" />
21-->src\main\AndroidManifest.xml:15:5-79
21-->src\main\AndroidManifest.xml:15:22-76
22    <uses-permission android:name="android.permission.RECEIVE_BOOT_COMPLETED" />
22-->src\main\AndroidManifest.xml:25:5-80
22-->src\main\AndroidManifest.xml:25:22-78
23    <uses-permission android:name="android.permission.POST_NOTIFICATIONS" />
23-->src\main\AndroidManifest.xml:27:5-76
23-->src\main\AndroidManifest.xml:27:22-74
24
25    <uses-feature
25-->src\main\AndroidManifest.xml:30:5-32:35
26        android:name="android.hardware.camera"
26-->src\main\AndroidManifest.xml:31:9-47
27        android:required="true" />
27-->src\main\AndroidManifest.xml:32:9-32
28
29    <uses-permission android:name="android.permission.ACCESS_FINE_LOCATION" />
29-->src\main\AndroidManifest.xml:15:5-79
29-->src\main\AndroidManifest.xml:15:22-76
30    <uses-permission android:name="android.permission.ACCESS_NETWORK_STATE" /> <!-- Grant the location access permission -->
30-->src\main\AndroidManifest.xml:35:5-79
30-->src\main\AndroidManifest.xml:35:22-76
31    <uses-permission android:name="android.permission.READ_EXTERNAL_STORAGE" />
31-->src\main\AndroidManifest.xml:36:5-80
31-->src\main\AndroidManifest.xml:36:22-77
32    <uses-permission android:name="android.permission.ACCESS_WIFI_STATE" /> <!-- Allows using PowerManager WakeLocks to keep processor from sleeping or screen from dimming -->
32-->src\main\AndroidManifest.xml:37:5-76
32-->src\main\AndroidManifest.xml:37:22-73
33    <uses-permission android:name="android.permission.INTERNET" />
33-->src\main\AndroidManifest.xml:38:5-67
33-->src\main\AndroidManifest.xml:38:22-64
34    <uses-permission android:name="android.permission.CAMERA" />
34-->src\main\AndroidManifest.xml:39:5-65
34-->src\main\AndroidManifest.xml:39:22-62
35    <uses-permission android:name="android.permission.ACCESS_FINE_LOCATION" />
35-->src\main\AndroidManifest.xml:15:5-79
35-->src\main\AndroidManifest.xml:15:22-76
36    <uses-permission android:name="android.permission.ACCESS_COARSE_LOCATION" />
36-->src\main\AndroidManifest.xml:13:5-81
36-->src\main\AndroidManifest.xml:13:22-78
37    <uses-permission android:name="android.permission.VIBRATE" />
37-->src\main\AndroidManifest.xml:42:5-66
37-->src\main\AndroidManifest.xml:42:22-63
38    <uses-permission android:name="android.permission.WAKE_LOCK" />
38-->src\main\AndroidManifest.xml:43:5-68
38-->src\main\AndroidManifest.xml:43:22-65
39    <uses-permission android:name="android.permission.WRITE_EXTERNAL_STORAGE" />
39-->src\main\AndroidManifest.xml:44:5-81
39-->src\main\AndroidManifest.xml:44:22-78
40    <uses-permission android:name="android.permission.READ_EXTERNAL_STORAGE" />
40-->src\main\AndroidManifest.xml:36:5-80
40-->src\main\AndroidManifest.xml:36:22-77
41
42    <queries>
42-->[com.google.firebase:firebase-inappmessaging-display:20.4.0] AndroidManifest.xml:10:5-16:15
43        <intent>
43-->[com.google.firebase:firebase-inappmessaging-display:20.4.0] AndroidManifest.xml:11:9-15:18
44            <action android:name="android.intent.action.VIEW" />
44-->[com.google.firebase:firebase-inappmessaging-display:20.4.0] AndroidManifest.xml:12:13-65
44-->[com.google.firebase:firebase-inappmessaging-display:20.4.0] AndroidManifest.xml:12:21-62
45
46            <data android:scheme="https" />
46-->[com.google.firebase:firebase-inappmessaging-display:20.4.0] AndroidManifest.xml:14:13-44
46-->[com.google.firebase:firebase-inappmessaging-display:20.4.0] AndroidManifest.xml:14:19-41
47        </intent>
48        <!-- Needs to be explicitly declared on Android R+ -->
49        <package android:name="com.google.android.apps.maps" /> <!-- For browser content -->
49-->[com.google.android.gms:play-services-maps:18.2.0] AndroidManifest.xml:33:9-64
49-->[com.google.android.gms:play-services-maps:18.2.0] AndroidManifest.xml:33:18-61
50        <intent>
50-->[com.google.android.gms:play-services-ads-lite:22.6.0] AndroidManifest.xml:38:9-44:18
51            <action android:name="android.intent.action.VIEW" />
51-->[com.google.firebase:firebase-inappmessaging-display:20.4.0] AndroidManifest.xml:12:13-65
51-->[com.google.firebase:firebase-inappmessaging-display:20.4.0] AndroidManifest.xml:12:21-62
52
53            <category android:name="android.intent.category.BROWSABLE" />
53-->[com.firebaseui:firebase-ui-auth:4.2.0] AndroidManifest.xml:80:17-78
53-->[com.firebaseui:firebase-ui-auth:4.2.0] AndroidManifest.xml:80:27-75
54
55            <data android:scheme="https" />
55-->[com.google.firebase:firebase-inappmessaging-display:20.4.0] AndroidManifest.xml:14:13-44
55-->[com.google.firebase:firebase-inappmessaging-display:20.4.0] AndroidManifest.xml:14:19-41
56        </intent> <!-- End of browser content -->
57        <!-- For CustomTabsService -->
58        <intent>
58-->[com.google.android.gms:play-services-ads-lite:22.6.0] AndroidManifest.xml:47:9-49:18
59            <action android:name="android.support.customtabs.action.CustomTabsService" />
59-->[com.google.android.gms:play-services-ads-lite:22.6.0] AndroidManifest.xml:48:13-90
59-->[com.google.android.gms:play-services-ads-lite:22.6.0] AndroidManifest.xml:48:21-87
60        </intent>
61    </queries> <!-- Required by older versions of Google Play services to create IID tokens -->
62    <uses-permission android:name="com.google.android.c2dm.permission.RECEIVE" />
62-->[com.google.firebase:firebase-messaging:23.4.1] AndroidManifest.xml:26:5-82
62-->[com.google.firebase:firebase-messaging:23.4.1] AndroidManifest.xml:26:22-79
63
64    <uses-feature
64-->[com.google.android.gms:play-services-maps:18.2.0] AndroidManifest.xml:26:5-28:35
65        android:glEsVersion="0x00020000"
65-->[com.google.android.gms:play-services-maps:18.2.0] AndroidManifest.xml:27:9-41
66        android:required="true" />
66-->[com.google.android.gms:play-services-maps:18.2.0] AndroidManifest.xml:28:9-32
67
68    <uses-permission android:name="com.google.android.gms.permission.AD_ID" />
68-->[com.google.android.gms:play-services-ads-lite:22.6.0] AndroidManifest.xml:26:5-79
68-->[com.google.android.gms:play-services-ads-lite:22.6.0] AndroidManifest.xml:26:22-76
69    <uses-permission android:name="android.permission.ACCESS_ADSERVICES_AD_ID" />
69-->[com.google.android.gms:play-services-ads-lite:22.6.0] AndroidManifest.xml:27:5-82
69-->[com.google.android.gms:play-services-ads-lite:22.6.0] AndroidManifest.xml:27:22-79
70    <uses-permission android:name="android.permission.ACCESS_ADSERVICES_ATTRIBUTION" />
70-->[com.google.android.gms:play-services-ads-lite:22.6.0] AndroidManifest.xml:28:5-88
70-->[com.google.android.gms:play-services-ads-lite:22.6.0] AndroidManifest.xml:28:22-85
71    <uses-permission android:name="android.permission.ACCESS_ADSERVICES_TOPICS" />
71-->[com.google.android.gms:play-services-ads-lite:22.6.0] AndroidManifest.xml:29:5-83
71-->[com.google.android.gms:play-services-ads-lite:22.6.0] AndroidManifest.xml:29:22-80
72    <uses-permission android:name="com.google.android.finsky.permission.BIND_GET_INSTALL_REFERRER_SERVICE" />
72-->[com.google.android.gms:play-services-measurement:21.5.1] AndroidManifest.xml:26:5-110
72-->[com.google.android.gms:play-services-measurement:21.5.1] AndroidManifest.xml:26:22-107
73    <uses-permission android:name="com.google.android.providers.gsf.permission.READ_GSERVICES" />
73-->[com.google.android.recaptcha:recaptcha:18.4.0] AndroidManifest.xml:9:5-98
73-->[com.google.android.recaptcha:recaptcha:18.4.0] AndroidManifest.xml:9:22-95
74    <uses-permission android:name="android.permission.FOREGROUND_SERVICE" />
74-->[androidx.work:work-runtime:2.7.0] AndroidManifest.xml:28:5-77
74-->[androidx.work:work-runtime:2.7.0] AndroidManifest.xml:28:22-74
75
76    <permission
76-->[androidx.core:core:1.9.0] AndroidManifest.xml:22:5-24:47
77        android:name="pagiisnet.pagiisnet.DYNAMIC_RECEIVER_NOT_EXPORTED_PERMISSION"
77-->[androidx.core:core:1.9.0] AndroidManifest.xml:23:9-81
78        android:protectionLevel="signature" />
78-->[androidx.core:core:1.9.0] AndroidManifest.xml:24:9-44
79
80    <uses-permission android:name="pagiisnet.pagiisnet.DYNAMIC_RECEIVER_NOT_EXPORTED_PERMISSION" />
80-->[androidx.core:core:1.9.0] AndroidManifest.xml:26:5-97
80-->[androidx.core:core:1.9.0] AndroidManifest.xml:26:22-94
81
82    <application
82-->src\main\AndroidManifest.xml:47:5-295:19
83        android:allowBackup="true"
83-->src\main\AndroidManifest.xml:48:9-35
84        android:appComponentFactory="androidx.core.app.CoreComponentFactory"
84-->[androidx.core:core:1.9.0] AndroidManifest.xml:28:18-86
85        android:enableOnBackInvokedCallback="true"
85-->src\main\AndroidManifest.xml:49:9-51
86        android:icon="@drawable/pagiis_home_icon"
86-->src\main\AndroidManifest.xml:50:9-50
87        android:label="Pagiis"
87-->src\main\AndroidManifest.xml:51:9-31
88        android:roundIcon="@drawable/pagiis_home_icon"
88-->src\main\AndroidManifest.xml:53:9-55
89        android:supportsRtl="true"
89-->src\main\AndroidManifest.xml:54:9-35
90        android:testOnly="true"
91        android:theme="@style/AppTheme" >
91-->src\main\AndroidManifest.xml:55:9-40
92        <activity
92-->src\main\AndroidManifest.xml:62:5-68:20
93            android:name="pagiisnet.pagiisnet.GalleryUploads"
93-->src\main\AndroidManifest.xml:63:13-62
94            android:exported="false" >
94-->src\main\AndroidManifest.xml:64:13-37
95            <meta-data
95-->src\main\AndroidManifest.xml:65:13-67:36
96                android:name="android.app.lib_name"
96-->src\main\AndroidManifest.xml:66:17-52
97                android:value="" />
97-->src\main\AndroidManifest.xml:67:17-33
98        </activity>
99        <activity
99-->src\main\AndroidManifest.xml:69:9-78:20
100            android:name="pagiisnet.pagiisnet.WelcomeMotionLayout"
100-->src\main\AndroidManifest.xml:70:13-67
101            android:exported="true" >
101-->src\main\AndroidManifest.xml:71:13-36
102            <intent-filter>
102-->src\main\AndroidManifest.xml:73:13-77:29
103                <action android:name="android.intent.action.MAIN" />
103-->src\main\AndroidManifest.xml:74:17-69
103-->src\main\AndroidManifest.xml:74:25-66
104
105                <category android:name="android.intent.category.LAUNCHER" />
105-->src\main\AndroidManifest.xml:76:17-77
105-->src\main\AndroidManifest.xml:76:27-74
106            </intent-filter>
107        </activity>
108        <activity
108-->src\main\AndroidManifest.xml:79:9-87:20
109            android:name="pagiisnet.pagiisnet.Verify_Cellphonenumber_Login"
109-->src\main\AndroidManifest.xml:80:13-76
110            android:exported="false" >
110-->src\main\AndroidManifest.xml:81:13-37
111            <meta-data
111-->src\main\AndroidManifest.xml:65:13-67:36
112                android:name="android.app.lib_name"
112-->src\main\AndroidManifest.xml:66:17-52
113                android:value="" />
113-->src\main\AndroidManifest.xml:67:17-33
114        </activity>
115        <activity
115-->src\main\AndroidManifest.xml:88:9-94:20
116            android:name="pagiisnet.pagiisnet.CellphoneLogin"
116-->src\main\AndroidManifest.xml:89:13-62
117            android:exported="false" >
117-->src\main\AndroidManifest.xml:90:13-37
118            <meta-data
118-->src\main\AndroidManifest.xml:65:13-67:36
119                android:name="android.app.lib_name"
119-->src\main\AndroidManifest.xml:66:17-52
120                android:value="" />
120-->src\main\AndroidManifest.xml:67:17-33
121        </activity>
122        <activity
122-->src\main\AndroidManifest.xml:96:9-102:20
123            android:name="pagiisnet.pagiisnet.OnBoarding"
123-->src\main\AndroidManifest.xml:97:13-58
124            android:exported="false" >
124-->src\main\AndroidManifest.xml:98:13-37
125            <meta-data
125-->src\main\AndroidManifest.xml:65:13-67:36
126                android:name="android.app.lib_name"
126-->src\main\AndroidManifest.xml:66:17-52
127                android:value="" />
127-->src\main\AndroidManifest.xml:67:17-33
128        </activity>
129        <activity android:name="pagiisnet.pagiisnet.LinkView" />
129-->src\main\AndroidManifest.xml:103:9-65
129-->src\main\AndroidManifest.xml:103:19-62
130        <activity android:name="pagiisnet.pagiisnet.StudentRegister" />
130-->src\main\AndroidManifest.xml:104:9-72
130-->src\main\AndroidManifest.xml:104:19-69
131        <activity android:name="pagiisnet.pagiisnet.StudentLogin" />
131-->src\main\AndroidManifest.xml:105:9-69
131-->src\main\AndroidManifest.xml:105:19-66
132        <activity android:name="pagiisnet.pagiisnet.SiroccoPromoVideos" />
132-->src\main\AndroidManifest.xml:106:9-75
132-->src\main\AndroidManifest.xml:106:19-72
133        <activity android:name="pagiisnet.pagiisnet.SiroccoOnlineStores" />
133-->src\main\AndroidManifest.xml:107:9-76
133-->src\main\AndroidManifest.xml:107:19-73
134        <activity android:name="pagiisnet.pagiisnet.StoreBankDetails" />
134-->src\main\AndroidManifest.xml:108:9-73
134-->src\main\AndroidManifest.xml:108:19-70
135        <activity
135-->src\main\AndroidManifest.xml:109:9-111:48
136            android:name="pagiisnet.pagiisnet.SplashActivity"
136-->src\main\AndroidManifest.xml:110:13-62
137            android:exported="true" />
137-->src\main\AndroidManifest.xml:111:13-36
138        <!--
139             The API key for Google Maps-based APIs is defined as a string resource.
140             (See the file "res/values/google_maps_api.xml").
141             Note that the API key is linked to the encryption key used to sign the APK.
142             You need a different API key for each encryption key, including the release key that is used to
143             sign the APK for publishing.
144             You can define the keys for the debug and release targets in src/debug/ and src/release/.
145        -->
146        <activity android:name="pagiisnet.pagiisnet.RegisterActivity" /> <!-- Sample AdMob App ID: ca-app-pub-3940256099942544~3347511713 -->
146-->src\main\AndroidManifest.xml:120:9-73
146-->src\main\AndroidManifest.xml:120:19-70
147        <activity android:name="pagiisnet.pagiisnet.first_time_profile_config" />
147-->src\main\AndroidManifest.xml:121:9-82
147-->src\main\AndroidManifest.xml:121:19-79
148        <activity
148-->src\main\AndroidManifest.xml:122:9-124:59
149            android:name="pagiisnet.pagiisnet.MapsActivity"
149-->src\main\AndroidManifest.xml:123:13-60
150            android:label="@string/title_activity_maps" />
150-->src\main\AndroidManifest.xml:124:13-56
151        <activity
151-->src\main\AndroidManifest.xml:127:9-129:77
152            android:name="pagiisnet.pagiisnet.ActivityOwnProfile"
152-->src\main\AndroidManifest.xml:128:13-66
153            android:parentActivityName="pagiisnet.pagiisnet.MapsActivity" />
153-->src\main\AndroidManifest.xml:129:13-74
154        <activity android:name="pagiisnet.pagiisnet.ActivityUploadImage" />
154-->src\main\AndroidManifest.xml:130:9-76
154-->src\main\AndroidManifest.xml:130:19-73
155        <activity android:name="pagiisnet.pagiisnet.LoginActivity" />
155-->src\main\AndroidManifest.xml:131:9-70
155-->src\main\AndroidManifest.xml:131:19-67
156        <activity
156-->src\main\AndroidManifest.xml:132:9-134:79
157            android:name="pagiisnet.pagiisnet.UserProfileActivity"
157-->src\main\AndroidManifest.xml:133:13-67
158            android:parentActivityName="pagiisnet.pagiisnet.ViewUsersMemes" />
158-->src\main\AndroidManifest.xml:134:13-76
159        <activity
159-->src\main\AndroidManifest.xml:135:9-137:77
160            android:name="pagiisnet.pagiisnet.MemePage"
160-->src\main\AndroidManifest.xml:136:13-56
161            android:parentActivityName="pagiisnet.pagiisnet.MapsActivity" />
161-->src\main\AndroidManifest.xml:137:13-74
162        <activity
162-->src\main\AndroidManifest.xml:138:9-140:77
163            android:name="pagiisnet.pagiisnet.ViewUsersMemes"
163-->src\main\AndroidManifest.xml:139:13-62
164            android:parentActivityName="pagiisnet.pagiisnet.MapsActivity" />
164-->src\main\AndroidManifest.xml:140:13-74
165        <activity
165-->src\main\AndroidManifest.xml:141:9-143:77
166            android:name="pagiisnet.pagiisnet.ActivityCamera"
166-->src\main\AndroidManifest.xml:142:13-62
167            android:parentActivityName="pagiisnet.pagiisnet.MapsActivity" />
167-->src\main\AndroidManifest.xml:143:13-74
168        <activity
168-->src\main\AndroidManifest.xml:144:9-146:77
169            android:name="pagiisnet.pagiisnet.ActivityNotifications"
169-->src\main\AndroidManifest.xml:145:13-69
170            android:parentActivityName="pagiisnet.pagiisnet.MapsActivity" />
170-->src\main\AndroidManifest.xml:146:13-74
171        <activity android:name="pagiisnet.pagiisnet.ActivityUserPost" />
171-->src\main\AndroidManifest.xml:147:9-73
171-->src\main\AndroidManifest.xml:147:19-70
172        <activity android:name="pagiisnet.pagiisnet.OnChatting" />
172-->src\main\AndroidManifest.xml:148:9-67
172-->src\main\AndroidManifest.xml:148:19-64
173        <activity
173-->src\main\AndroidManifest.xml:149:9-151:79
174            android:name="pagiisnet.pagiisnet.SiroccoPage"
174-->src\main\AndroidManifest.xml:150:13-59
175            android:parentActivityName="pagiisnet.pagiisnet.ViewUsersMemes" />
175-->src\main\AndroidManifest.xml:151:13-76
176        <activity
176-->src\main\AndroidManifest.xml:152:9-154:76
177            android:name="pagiisnet.pagiisnet.SiroccoProfile"
177-->src\main\AndroidManifest.xml:153:13-62
178            android:parentActivityName="pagiisnet.pagiisnet.SiroccoPage" />
178-->src\main\AndroidManifest.xml:154:13-73
179        <activity
179-->src\main\AndroidManifest.xml:155:9-157:77
180            android:name="pagiisnet.pagiisnet.SirrocoImageUpload"
180-->src\main\AndroidManifest.xml:156:13-66
181            android:parentActivityName="pagiisnet.pagiisnet.MapsActivity" />
181-->src\main\AndroidManifest.xml:157:13-74
182        <activity
182-->src\main\AndroidManifest.xml:158:9-160:76
183            android:name="pagiisnet.pagiisnet.SiroccoMaxView"
183-->src\main\AndroidManifest.xml:159:13-62
184            android:parentActivityName="pagiisnet.pagiisnet.SiroccoPage" />
184-->src\main\AndroidManifest.xml:160:13-73
185        <activity
185-->src\main\AndroidManifest.xml:161:9-163:79
186            android:name="pagiisnet.pagiisnet.PagiisMaxView"
186-->src\main\AndroidManifest.xml:162:13-61
187            android:parentActivityName="pagiisnet.pagiisnet.ViewUsersMemes" />
187-->src\main\AndroidManifest.xml:163:13-76
188        <activity
188-->src\main\AndroidManifest.xml:164:9-166:76
189            android:name="pagiisnet.pagiisnet.CatchUp"
189-->src\main\AndroidManifest.xml:165:13-55
190            android:parentActivityName="pagiisnet.pagiisnet.SiroccoPage" />
190-->src\main\AndroidManifest.xml:166:13-73
191        <activity android:name="pagiisnet.pagiisnet.ViewUserMaxImage" />
191-->src\main\AndroidManifest.xml:167:9-73
191-->src\main\AndroidManifest.xml:167:19-70
192        <activity
192-->src\main\AndroidManifest.xml:168:9-170:73
193            android:name="pagiisnet.pagiisnet.VideowViewing"
193-->src\main\AndroidManifest.xml:169:13-61
194            android:parentActivityName="pagiisnet.pagiisnet.MemePage" />
194-->src\main\AndroidManifest.xml:170:13-70
195        <activity
195-->src\main\AndroidManifest.xml:171:9-173:79
196            android:name="pagiisnet.pagiisnet.ViewUsersVideos"
196-->src\main\AndroidManifest.xml:172:13-63
197            android:parentActivityName="pagiisnet.pagiisnet.ViewUsersMemes" />
197-->src\main\AndroidManifest.xml:173:13-76
198        <activity
198-->src\main\AndroidManifest.xml:174:9-176:77
199            android:name="pagiisnet.pagiisnet.ActivityUploadVideo"
199-->src\main\AndroidManifest.xml:175:13-67
200            android:parentActivityName="pagiisnet.pagiisnet.MapsActivity" />
200-->src\main\AndroidManifest.xml:176:13-74
201        <activity
201-->src\main\AndroidManifest.xml:177:9-179:77
202            android:name="pagiisnet.pagiisnet.LinkPost"
202-->src\main\AndroidManifest.xml:178:13-56
203            android:parentActivityName="pagiisnet.pagiisnet.MapsActivity" />
203-->src\main\AndroidManifest.xml:179:13-74
204        <activity android:name="pagiisnet.pagiisnet.MapsDrawer" />
204-->src\main\AndroidManifest.xml:180:9-67
204-->src\main\AndroidManifest.xml:180:19-64
205        <activity
205-->src\main\AndroidManifest.xml:181:9-183:85
206            android:name="pagiisnet.pagiisnet.SirrocoMusicView"
206-->src\main\AndroidManifest.xml:182:13-64
207            android:parentActivityName="pagiisnet.pagiisnet.SiroccoMusicActivity" />
207-->src\main\AndroidManifest.xml:183:13-82
208        <activity
208-->src\main\AndroidManifest.xml:184:9-186:76
209            android:name="pagiisnet.pagiisnet.SiroccoMusicActivity"
209-->src\main\AndroidManifest.xml:185:13-68
210            android:parentActivityName="pagiisnet.pagiisnet.SiroccoPage" />
210-->src\main\AndroidManifest.xml:186:13-73
211        <activity android:name="pagiisnet.pagiisnet.MainActivity" />
211-->src\main\AndroidManifest.xml:187:9-69
211-->src\main\AndroidManifest.xml:187:19-66
212        <activity
212-->src\main\AndroidManifest.xml:188:9-190:76
213            android:name="pagiisnet.pagiisnet.CustomerPurchase"
213-->src\main\AndroidManifest.xml:189:13-64
214            android:parentActivityName="pagiisnet.pagiisnet.SiroccoPage" />
214-->src\main\AndroidManifest.xml:190:13-73
215        <activity android:name="pagiisnet.pagiisnet.OnlineShopView" />
215-->src\main\AndroidManifest.xml:191:9-71
215-->src\main\AndroidManifest.xml:191:19-68
216        <activity android:name="pagiisnet.pagiisnet.ViewOnlinePurchases" />
216-->src\main\AndroidManifest.xml:192:9-76
216-->src\main\AndroidManifest.xml:192:19-73
217        <activity
217-->src\main\AndroidManifest.xml:193:9-195:76
218            android:name="pagiisnet.pagiisnet.CreateOnlineShop"
218-->src\main\AndroidManifest.xml:194:13-64
219            android:parentActivityName="pagiisnet.pagiisnet.SiroccoPage" />
219-->src\main\AndroidManifest.xml:195:13-73
220        <activity
220-->src\main\AndroidManifest.xml:196:9-198:76
221            android:name="pagiisnet.pagiisnet.SellItemPost"
221-->src\main\AndroidManifest.xml:197:13-60
222            android:parentActivityName="pagiisnet.pagiisnet.SiroccoPage" />
222-->src\main\AndroidManifest.xml:198:13-73
223        <activity android:name="pagiisnet.pagiisnet.SiroccoBottomNavView" />
223-->src\main\AndroidManifest.xml:199:9-77
223-->src\main\AndroidManifest.xml:199:19-74
224        <activity
224-->src\main\AndroidManifest.xml:200:9-202:76
225            android:name="pagiisnet.pagiisnet.Art"
225-->src\main\AndroidManifest.xml:201:13-51
226            android:parentActivityName="pagiisnet.pagiisnet.SiroccoPage" />
226-->src\main\AndroidManifest.xml:202:13-73
227        <activity
227-->src\main\AndroidManifest.xml:203:9-205:76
228            android:name="pagiisnet.pagiisnet.Music"
228-->src\main\AndroidManifest.xml:204:13-53
229            android:parentActivityName="pagiisnet.pagiisnet.SiroccoPage" />
229-->src\main\AndroidManifest.xml:205:13-73
230        <activity
230-->src\main\AndroidManifest.xml:206:9-208:76
231            android:name="pagiisnet.pagiisnet.Business"
231-->src\main\AndroidManifest.xml:207:13-56
232            android:parentActivityName="pagiisnet.pagiisnet.SiroccoPage" />
232-->src\main\AndroidManifest.xml:208:13-73
233        <activity
233-->src\main\AndroidManifest.xml:209:9-211:76
234            android:name="pagiisnet.pagiisnet.Fashion"
234-->src\main\AndroidManifest.xml:210:13-55
235            android:parentActivityName="pagiisnet.pagiisnet.SiroccoPage" />
235-->src\main\AndroidManifest.xml:211:13-73
236        <activity
236-->src\main\AndroidManifest.xml:212:9-214:75
237            android:name="pagiisnet.pagiisnet.BoughtItemMaxView"
237-->src\main\AndroidManifest.xml:213:13-65
238            android:parentActivityName="pagiisnet.pagiisnet.ViewMyCart" />
238-->src\main\AndroidManifest.xml:214:13-72
239        <activity
239-->src\main\AndroidManifest.xml:215:9-217:76
240            android:name="pagiisnet.pagiisnet.ViewMyCart"
240-->src\main\AndroidManifest.xml:216:13-58
241            android:parentActivityName="pagiisnet.pagiisnet.SiroccoPage" />
241-->src\main\AndroidManifest.xml:217:13-73
242        <activity
242-->src\main\AndroidManifest.xml:218:9-220:72
243            android:name="pagiisnet.pagiisnet.AdminCartView"
243-->src\main\AndroidManifest.xml:219:13-61
244            android:parentActivityName="pagiisnet.pagiisnet.CatchUp" />
244-->src\main\AndroidManifest.xml:220:13-69
245        <activity
245-->src\main\AndroidManifest.xml:221:9-223:86
246            android:name="pagiisnet.pagiisnet.CreateEvent"
246-->src\main\AndroidManifest.xml:222:13-59
247            android:parentActivityName="pagiisnet.pagiisnet.ActivityNotifications" />
247-->src\main\AndroidManifest.xml:223:13-83
248        <activity android:name="pagiisnet.pagiisnet.ViewStreams" />
248-->src\main\AndroidManifest.xml:224:9-68
248-->src\main\AndroidManifest.xml:224:19-65
249        <activity
249-->src\main\AndroidManifest.xml:225:9-227:74
250            android:name="pagiisnet.pagiisnet.EventContentUpload"
250-->src\main\AndroidManifest.xml:226:13-66
251            android:parentActivityName="pagiisnet.pagiisnet.ViewEvent" />
251-->src\main\AndroidManifest.xml:227:13-71
252        <activity
252-->src\main\AndroidManifest.xml:228:9-230:74
253            android:name="pagiisnet.pagiisnet.ViewEventProfile"
253-->src\main\AndroidManifest.xml:229:13-64
254            android:parentActivityName="pagiisnet.pagiisnet.ViewEvent" />
254-->src\main\AndroidManifest.xml:230:13-71
255        <activity
255-->src\main\AndroidManifest.xml:231:9-233:84
256            android:name="pagiisnet.pagiisnet.VisitUserPosts"
256-->src\main\AndroidManifest.xml:232:13-62
257            android:parentActivityName="pagiisnet.pagiisnet.UserProfileActivity" />
257-->src\main\AndroidManifest.xml:233:13-81
258        <activity android:name="pagiisnet.pagiisnet.SplashIntroOne" />
258-->src\main\AndroidManifest.xml:234:9-71
258-->src\main\AndroidManifest.xml:234:19-68
259        <activity android:name="pagiisnet.pagiisnet.SplashIntroTwo" />
259-->src\main\AndroidManifest.xml:235:9-71
259-->src\main\AndroidManifest.xml:235:19-68
260        <activity android:name="pagiisnet.pagiisnet.SplashIntroThree" />
260-->src\main\AndroidManifest.xml:236:9-73
260-->src\main\AndroidManifest.xml:236:19-70
261        <activity android:name="pagiisnet.pagiisnet.VisitProfilePosts" />
261-->src\main\AndroidManifest.xml:237:9-74
261-->src\main\AndroidManifest.xml:237:19-71
262        <activity
262-->src\main\AndroidManifest.xml:238:9-240:84
263            android:name="pagiisnet.pagiisnet.ViewUserContactDetails"
263-->src\main\AndroidManifest.xml:239:13-70
264            android:parentActivityName="pagiisnet.pagiisnet.UserProfileActivity" />
264-->src\main\AndroidManifest.xml:240:13-81
265        <activity
265-->src\main\AndroidManifest.xml:241:9-243:86
266            android:name="pagiisnet.pagiisnet.ViewContactRequestList"
266-->src\main\AndroidManifest.xml:242:13-70
267            android:parentActivityName="pagiisnet.pagiisnet.ActivityNotifications" />
267-->src\main\AndroidManifest.xml:243:13-83
268        <activity
268-->src\main\AndroidManifest.xml:244:9-246:72
269            android:name="pagiisnet.pagiisnet.VideoStreaming"
269-->src\main\AndroidManifest.xml:245:13-62
270            android:parentActivityName="pagiisnet.pagiisnet.CatchUp" />
270-->src\main\AndroidManifest.xml:246:13-69
271        <activity
271-->src\main\AndroidManifest.xml:247:9-249:78
272            android:name="pagiisnet.pagiisnet.ActivityItemViewers"
272-->src\main\AndroidManifest.xml:248:13-67